<?xml version="1.0" encoding="UTF-8"?>
<testng-results skipped="0" failed="0" ignored="0" total="1" passed="1">
  <reporter-output>
  </reporter-output>
  <suite name="Default suite" duration-ms="6837" started-at="2019-01-30T11:54:55Z" finished-at="2019-01-30T11:55:02Z">
    <groups>
    </groups>
    <test name="Default test" duration-ms="6837" started-at="2019-01-30T11:54:55Z" finished-at="2019-01-30T11:55:02Z">
      <class name="AnnotationsTests.AnnotationsTest">
        <test-method status="PASS" signature="LaunchBrowser()[pri:0, instance:AnnotationsTests.AnnotationsTest@95a785]" name="LaunchBrowser" duration-ms="6802" started-at="2019-01-30T11:54:55Z" finished-at="2019-01-30T11:55:02Z">
          <reporter-output>
          </reporter-output>
        </test-method> <!-- LaunchBrowser -->
      </class> <!-- AnnotationsTests.AnnotationsTest -->
    </test> <!-- Default test -->
  </suite> <!-- Default suite -->
</testng-results>
